<?xml version="1.0" encoding="UTF-8"?>
<testsuite name="com.zoolatech.interview.technicalinterviewzoola.TechnicalInterviewZoolaApplicationTests" tests="1" skipped="0" failures="0" errors="0" timestamp="2023-05-02T21:23:36" hostname="Z10973" time="0.158">
  <properties/>
  <testcase name="contextLoads()" classname="com.zoolatech.interview.technicalinterviewzoola.TechnicalInterviewZoolaApplicationTests" time="0.158"/>
  <system-out><![CDATA[15:23:36.118 [Test worker] DEBUG org.springframework.boot.test.context.SpringBootTestContextBootstrapper -- Neither @ContextConfiguration nor @ContextHierarchy found for test class [TechnicalInterviewZoolaApplicationTests]: using SpringBootContextLoader
15:23:36.122 [Test worker] DEBUG org.springframework.test.context.support.AbstractContextLoader -- Could not detect default resource locations for test class [com.zoolatech.interview.technicalinterviewzoola.TechnicalInterviewZoolaApplicationTests]: no resource found for suffixes {-context.xml, Context.groovy}.
15:23:36.122 [Test worker] INFO org.springframework.test.context.support.AnnotationConfigContextLoaderUtils -- Could not detect default configuration classes for test class [com.zoolatech.interview.technicalinterviewzoola.TechnicalInterviewZoolaApplicationTests]: TechnicalInterviewZoolaApplicationTests does not declare any static, non-private, non-final, nested classes annotated with @Configuration.
15:23:36.130 [Test worker] DEBUG org.springframework.boot.test.context.SpringBootTestContextBootstrapper -- Using ContextCustomizers for test class [TechnicalInterviewZoolaApplicationTests]: [DisableObservabilityContextCustomizer, PropertyMappingContextCustomizer, Customizer, ExcludeFilterContextCustomizer, DuplicateJsonObjectContextCustomizer, MockitoContextCustomizer, TestRestTemplateContextCustomizer]
15:23:36.159 [Test worker] DEBUG org.springframework.context.annotation.ClassPathScanningCandidateComponentProvider -- Identified candidate component class: file [/Users/mariocruz/Documents/Confidential/Repos/java-technical-test/build/classes/java/main/com/zoolatech/interview/technicalinterviewzoola/TechnicalInterviewZoolaApplication.class]
15:23:36.160 [Test worker] INFO org.springframework.boot.test.context.SpringBootTestContextBootstrapper -- Found @SpringBootConfiguration com.zoolatech.interview.technicalinterviewzoola.TechnicalInterviewZoolaApplication for test class com.zoolatech.interview.technicalinterviewzoola.TechnicalInterviewZoolaApplicationTests
15:23:36.224 [Test worker] DEBUG org.springframework.test.context.util.TestContextSpringFactoriesUtils -- Skipping candidate TestExecutionListener [org.springframework.test.context.transaction.TransactionalTestExecutionListener] due to a missing dependency. Specify custom TestExecutionListener classes or make the default TestExecutionListener classes and their required dependencies available. Offending class: [org/springframework/transaction/interceptor/TransactionAttributeSource]
15:23:36.224 [Test worker] DEBUG org.springframework.test.context.util.TestContextSpringFactoriesUtils -- Skipping candidate TestExecutionListener [org.springframework.test.context.jdbc.SqlScriptsTestExecutionListener] due to a missing dependency. Specify custom TestExecutionListener classes or make the default TestExecutionListener classes and their required dependencies available. Offending class: [org/springframework/transaction/interceptor/TransactionAttribute]
15:23:36.226 [Test worker] DEBUG org.springframework.boot.test.context.SpringBootTestContextBootstrapper -- Using TestExecutionListeners for test class [TechnicalInterviewZoolaApplicationTests]: [ServletTestExecutionListener, DirtiesContextBeforeModesTestExecutionListener, ApplicationEventsTestExecutionListener, MockitoTestExecutionListener, DependencyInjectionTestExecutionListener, DirtiesContextTestExecutionListener, EventPublishingTestExecutionListener, RestDocsTestExecutionListener, MockRestServiceServerResetTestExecutionListener, MockMvcPrintOnlyOnFailureTestExecutionListener, WebDriverTestExecutionListener, MockWebServiceServerTestExecutionListener, ResetMocksTestExecutionListener]
15:23:36.226 [Test worker] DEBUG org.springframework.test.context.support.AbstractDirtiesContextTestExecutionListener -- Before test class: class [TechnicalInterviewZoolaApplicationTests], class annotated with @DirtiesContext [false] with mode [null]

  .   ____          _            __ _ _
 /\\ / ___'_ __ _ _(_)_ __  __ _ \ \ \ \
( ( )\___ | '_ | '_| | '_ \/ _` | \ \ \ \
 \\/  ___)| |_)| | | | | || (_| |  ) ) ) )
  '  |____| .__|_| |_|_| |_\__, | / / / /
 =========|_|==============|___/=/_/_/_/
 :: Spring Boot ::                (v3.0.6)

2023-05-02T15:23:36.340-06:00  INFO 90589 --- [    Test worker] .TechnicalInterviewZoolaApplicationTests : Starting TechnicalInterviewZoolaApplicationTests using Java 17.0.6 with PID 90589 (started by mariocruz in /Users/mariocruz/Documents/Confidential/Repos/java-technical-test)
2023-05-02T15:23:36.341-06:00  INFO 90589 --- [    Test worker] .TechnicalInterviewZoolaApplicationTests : No active profile set, falling back to 1 default profile: "default"
2023-05-02T15:23:36.768-06:00  INFO 90589 --- [    Test worker] .TechnicalInterviewZoolaApplicationTests : Started TechnicalInterviewZoolaApplicationTests in 0.518 seconds (process running for 1.106)
]]></system-out>
  <system-err><![CDATA[]]></system-err>
</testsuite>
